<?xml version="1.0" ?>
<coverage version="7.6.4" timestamp="1740502117052" lines-valid="730" lines-covered="463" line-rate="0.6342" branches-covered="0" branches-valid="0" branch-rate="0" complexity="0">
	<!-- Generated by coverage.py: https://coverage.readthedocs.io/en/7.6.4 -->
	<!-- Based on https://raw.githubusercontent.com/cobertura/web/master/htdocs/xml/coverage-04.dtd -->
	<sources>
		<source>/Users/alex/src/devl/python/pysequitur</source>
	</sources>
	<packages>
		<package name="src.pysequitur" line-rate="0.6342" branch-rate="0" complexity="0">
			<classes>
				<class name="__init__.py" filename="src/pysequitur/__init__.py" complexity="0" line-rate="1" branch-rate="0">
					<methods/>
					<lines>
						<line number="18" hits="1"/>
						<line number="20" hits="1"/>
						<line number="25" hits="1"/>
						<line number="26" hits="1"/>
						<line number="27" hits="1"/>
						<line number="29" hits="1"/>
					</lines>
				</class>
				<class name="crawl.py" filename="src/pysequitur/crawl.py" complexity="0" line-rate="0" branch-rate="0">
					<methods/>
					<lines>
						<line number="2" hits="0"/>
						<line number="3" hits="0"/>
						<line number="5" hits="0"/>
						<line number="27" hits="0"/>
						<line number="69" hits="0"/>
						<line number="70" hits="0"/>
						<line number="71" hits="0"/>
						<line number="73" hits="0"/>
						<line number="75" hits="0"/>
						<line number="77" hits="0"/>
						<line number="81" hits="0"/>
						<line number="82" hits="0"/>
						<line number="83" hits="0"/>
						<line number="84" hits="0"/>
						<line number="91" hits="0"/>
						<line number="93" hits="0"/>
						<line number="96" hits="0"/>
						<line number="97" hits="0"/>
						<line number="98" hits="0"/>
						<line number="99" hits="0"/>
						<line number="101" hits="0"/>
						<line number="102" hits="0"/>
						<line number="105" hits="0"/>
						<line number="106" hits="0"/>
						<line number="107" hits="0"/>
						<line number="108" hits="0"/>
						<line number="109" hits="0"/>
						<line number="110" hits="0"/>
					</lines>
				</class>
				<class name="file_sequence.py" filename="src/pysequitur/file_sequence.py" complexity="0" line-rate="0.7455" branch-rate="0">
					<methods/>
					<lines>
						<line number="4" hits="1"/>
						<line number="6" hits="1"/>
						<line number="7" hits="1"/>
						<line number="8" hits="1"/>
						<line number="9" hits="1"/>
						<line number="10" hits="1"/>
						<line number="11" hits="1"/>
						<line number="12" hits="1"/>
						<line number="13" hits="1"/>
						<line number="14" hits="1"/>
						<line number="15" hits="1"/>
						<line number="17" hits="1"/>
						<line number="22" hits="1"/>
						<line number="25" hits="1"/>
						<line number="26" hits="1"/>
						<line number="27" hits="1"/>
						<line number="28" hits="1"/>
						<line number="31" hits="1"/>
						<line number="32" hits="1"/>
						<line number="53" hits="1"/>
						<line number="54" hits="1"/>
						<line number="55" hits="1"/>
						<line number="56" hits="1"/>
						<line number="57" hits="1"/>
						<line number="58" hits="1"/>
						<line number="60" hits="1"/>
						<line number="61" hits="0"/>
						<line number="71" hits="1"/>
						<line number="72" hits="1"/>
						<line number="73" hits="1"/>
						<line number="74" hits="1"/>
						<line number="75" hits="1"/>
						<line number="76" hits="1"/>
						<line number="77" hits="1"/>
						<line number="78" hits="1"/>
						<line number="80" hits="1"/>
						<line number="81" hits="1"/>
						<line number="82" hits="0"/>
						<line number="84" hits="1"/>
						<line number="85" hits="1"/>
						<line number="96" hits="1"/>
						<line number="97" hits="0"/>
						<line number="99" hits="1"/>
						<line number="101" hits="1"/>
						<line number="102" hits="1"/>
						<line number="105" hits="1"/>
						<line number="107" hits="1"/>
						<line number="108" hits="1"/>
						<line number="111" hits="1"/>
						<line number="113" hits="1"/>
						<line number="114" hits="1"/>
						<line number="115" hits="1"/>
						<line number="117" hits="1"/>
						<line number="118" hits="1"/>
						<line number="120" hits="1"/>
						<line number="121" hits="1"/>
						<line number="122" hits="1"/>
						<line number="124" hits="1"/>
						<line number="126" hits="1"/>
						<line number="127" hits="1"/>
						<line number="130" hits="1"/>
						<line number="131" hits="1"/>
						<line number="133" hits="1"/>
						<line number="135" hits="1"/>
						<line number="136" hits="1"/>
						<line number="138" hits="1"/>
						<line number="140" hits="1"/>
						<line number="141" hits="1"/>
						<line number="148" hits="1"/>
						<line number="150" hits="1"/>
						<line number="152" hits="1"/>
						<line number="153" hits="1"/>
						<line number="155" hits="1"/>
						<line number="157" hits="1"/>
						<line number="158" hits="1"/>
						<line number="160" hits="1"/>
						<line number="162" hits="1"/>
						<line number="176" hits="1"/>
						<line number="177" hits="0"/>
						<line number="179" hits="1"/>
						<line number="180" hits="0"/>
						<line number="182" hits="1"/>
						<line number="183" hits="1"/>
						<line number="185" hits="1"/>
						<line number="187" hits="1"/>
						<line number="189" hits="1"/>
						<line number="191" hits="1"/>
						<line number="199" hits="1"/>
						<line number="201" hits="1"/>
						<line number="202" hits="1"/>
						<line number="206" hits="1"/>
						<line number="207" hits="1"/>
						<line number="208" hits="1"/>
						<line number="209" hits="1"/>
						<line number="212" hits="1"/>
						<line number="214" hits="1"/>
						<line number="216" hits="1"/>
						<line number="226" hits="1"/>
						<line number="227" hits="1"/>
						<line number="229" hits="1"/>
						<line number="242" hits="1"/>
						<line number="244" hits="1"/>
						<line number="246" hits="1"/>
						<line number="247" hits="0"/>
						<line number="249" hits="1"/>
						<line number="250" hits="0"/>
						<line number="252" hits="1"/>
						<line number="255" hits="1"/>
						<line number="256" hits="1"/>
						<line number="257" hits="1"/>
						<line number="258" hits="1"/>
						<line number="259" hits="1"/>
						<line number="260" hits="1"/>
						<line number="262" hits="1"/>
						<line number="263" hits="1"/>
						<line number="265" hits="1"/>
						<line number="267" hits="1"/>
						<line number="269" hits="1"/>
						<line number="282" hits="1"/>
						<line number="283" hits="1"/>
						<line number="287" hits="1"/>
						<line number="289" hits="1"/>
						<line number="290" hits="1"/>
						<line number="291" hits="1"/>
						<line number="293" hits="1"/>
						<line number="294" hits="1"/>
						<line number="296" hits="1"/>
						<line number="297" hits="1"/>
						<line number="299" hits="1"/>
						<line number="300" hits="1"/>
						<line number="302" hits="1"/>
						<line number="303" hits="1"/>
						<line number="305" hits="1"/>
						<line number="306" hits="1"/>
						<line number="308" hits="1"/>
						<line number="310" hits="1"/>
						<line number="325" hits="1"/>
						<line number="327" hits="1"/>
						<line number="328" hits="0"/>
						<line number="330" hits="1"/>
						<line number="331" hits="1"/>
						<line number="333" hits="1"/>
						<line number="335" hits="1"/>
						<line number="336" hits="0"/>
						<line number="338" hits="1"/>
						<line number="339" hits="1"/>
						<line number="341" hits="1"/>
						<line number="343" hits="1"/>
						<line number="344" hits="1"/>
						<line number="346" hits="1"/>
						<line number="347" hits="0"/>
						<line number="349" hits="1"/>
						<line number="350" hits="1"/>
						<line number="353" hits="1"/>
						<line number="355" hits="1"/>
						<line number="357" hits="1"/>
						<line number="375" hits="1"/>
						<line number="376" hits="0"/>
						<line number="378" hits="1"/>
						<line number="379" hits="0"/>
						<line number="381" hits="1"/>
						<line number="382" hits="1"/>
						<line number="384" hits="1"/>
						<line number="386" hits="1"/>
						<line number="390" hits="1"/>
						<line number="391" hits="0"/>
						<line number="394" hits="0"/>
						<line number="398" hits="1"/>
						<line number="400" hits="1"/>
						<line number="403" hits="1"/>
						<line number="405" hits="1"/>
						<line number="406" hits="1"/>
						<line number="408" hits="1"/>
						<line number="410" hits="1"/>
						<line number="412" hits="1"/>
						<line number="413" hits="1"/>
						<line number="421" hits="1"/>
						<line number="423" hits="1"/>
						<line number="424" hits="1"/>
						<line number="427" hits="0"/>
						<line number="429" hits="1"/>
						<line number="433" hits="0"/>
						<line number="434" hits="0"/>
						<line number="436" hits="0"/>
						<line number="437" hits="0"/>
						<line number="439" hits="0"/>
						<line number="442" hits="1"/>
						<line number="443" hits="1"/>
						<line number="471" hits="1"/>
						<line number="473" hits="1"/>
						<line number="474" hits="0"/>
						<line number="475" hits="0"/>
						<line number="476" hits="0"/>
						<line number="478" hits="0"/>
						<line number="480" hits="1"/>
						<line number="481" hits="1"/>
						<line number="501" hits="1"/>
						<line number="502" hits="0"/>
						<line number="504" hits="1"/>
						<line number="505" hits="1"/>
						<line number="506" hits="0"/>
						<line number="508" hits="1"/>
						<line number="512" hits="1"/>
						<line number="513" hits="1"/>
						<line number="525" hits="1"/>
						<line number="527" hits="1"/>
						<line number="528" hits="1"/>
						<line number="559" hits="1"/>
						<line number="563" hits="1"/>
						<line number="564" hits="1"/>
						<line number="590" hits="0"/>
						<line number="594" hits="1"/>
						<line number="595" hits="1"/>
						<line number="626" hits="1"/>
						<line number="630" hits="1"/>
						<line number="631" hits="1"/>
						<line number="634" hits="0"/>
						<line number="636" hits="1"/>
						<line number="637" hits="1"/>
						<line number="664" hits="0"/>
						<line number="668" hits="1"/>
						<line number="669" hits="1"/>
						<line number="672" hits="1"/>
						<line number="674" hits="1"/>
						<line number="675" hits="1"/>
						<line number="677" hits="1"/>
						<line number="679" hits="1"/>
						<line number="680" hits="1"/>
						<line number="682" hits="1"/>
						<line number="684" hits="1"/>
						<line number="685" hits="1"/>
						<line number="689" hits="1"/>
						<line number="691" hits="1"/>
						<line number="692" hits="1"/>
						<line number="695" hits="1"/>
						<line number="697" hits="1"/>
						<line number="698" hits="1"/>
						<line number="701" hits="1"/>
						<line number="703" hits="1"/>
						<line number="704" hits="1"/>
						<line number="707" hits="1"/>
						<line number="709" hits="1"/>
						<line number="710" hits="1"/>
						<line number="714" hits="1"/>
						<line number="716" hits="1"/>
						<line number="717" hits="0"/>
						<line number="719" hits="1"/>
						<line number="721" hits="1"/>
						<line number="722" hits="1"/>
						<line number="729" hits="1"/>
						<line number="731" hits="1"/>
						<line number="732" hits="1"/>
						<line number="741" hits="1"/>
						<line number="746" hits="1"/>
						<line number="747" hits="1"/>
						<line number="749" hits="1"/>
						<line number="751" hits="1"/>
						<line number="752" hits="1"/>
						<line number="754" hits="1"/>
						<line number="756" hits="1"/>
						<line number="757" hits="1"/>
						<line number="764" hits="1"/>
						<line number="765" hits="0"/>
						<line number="766" hits="1"/>
						<line number="768" hits="1"/>
						<line number="770" hits="1"/>
						<line number="771" hits="1"/>
						<line number="776" hits="1"/>
						<line number="777" hits="1"/>
						<line number="779" hits="1"/>
						<line number="780" hits="1"/>
						<line number="782" hits="0"/>
						<line number="784" hits="1"/>
						<line number="785" hits="1"/>
						<line number="787" hits="1"/>
						<line number="789" hits="1"/>
						<line number="790" hits="1"/>
						<line number="791" hits="1"/>
						<line number="792" hits="1"/>
						<line number="794" hits="1"/>
						<line number="796" hits="1"/>
						<line number="797" hits="1"/>
						<line number="802" hits="0"/>
						<line number="804" hits="0"/>
						<line number="805" hits="0"/>
						<line number="807" hits="0"/>
						<line number="809" hits="1"/>
						<line number="816" hits="0"/>
						<line number="817" hits="0"/>
						<line number="821" hits="0"/>
						<line number="823" hits="0"/>
						<line number="825" hits="0"/>
						<line number="826" hits="0"/>
						<line number="827" hits="0"/>
						<line number="829" hits="0"/>
						<line number="830" hits="0"/>
						<line number="832" hits="0"/>
						<line number="833" hits="0"/>
						<line number="835" hits="0"/>
						<line number="837" hits="1"/>
						<line number="851" hits="0"/>
						<line number="853" hits="1"/>
						<line number="860" hits="0"/>
						<line number="861" hits="0"/>
						<line number="863" hits="0"/>
						<line number="865" hits="0"/>
						<line number="866" hits="0"/>
						<line number="867" hits="0"/>
						<line number="869" hits="0"/>
						<line number="870" hits="0"/>
						<line number="874" hits="0"/>
						<line number="875" hits="0"/>
						<line number="877" hits="0"/>
						<line number="879" hits="1"/>
						<line number="895" hits="0"/>
						<line number="897" hits="1"/>
						<line number="900" hits="0"/>
						<line number="901" hits="0"/>
						<line number="903" hits="0"/>
						<line number="905" hits="1"/>
						<line number="920" hits="0"/>
						<line number="922" hits="0"/>
						<line number="923" hits="0"/>
						<line number="925" hits="0"/>
						<line number="926" hits="0"/>
						<line number="928" hits="0"/>
						<line number="929" hits="0"/>
						<line number="930" hits="0"/>
						<line number="931" hits="0"/>
						<line number="933" hits="0"/>
						<line number="935" hits="0"/>
						<line number="937" hits="1"/>
						<line number="939" hits="0"/>
						<line number="941" hits="1"/>
						<line number="959" hits="0"/>
						<line number="960" hits="0"/>
						<line number="962" hits="0"/>
						<line number="963" hits="0"/>
						<line number="965" hits="0"/>
						<line number="966" hits="0"/>
						<line number="968" hits="0"/>
						<line number="970" hits="0"/>
						<line number="973" hits="0"/>
						<line number="975" hits="0"/>
						<line number="976" hits="0"/>
						<line number="978" hits="0"/>
						<line number="980" hits="0"/>
						<line number="982" hits="1"/>
						<line number="991" hits="0"/>
						<line number="993" hits="0"/>
						<line number="994" hits="0"/>
						<line number="996" hits="0"/>
						<line number="998" hits="1"/>
						<line number="1015" hits="1"/>
						<line number="1016" hits="1"/>
						<line number="1017" hits="1"/>
						<line number="1020" hits="1"/>
						<line number="1025" hits="1"/>
						<line number="1026" hits="1"/>
						<line number="1028" hits="1"/>
						<line number="1031" hits="1"/>
						<line number="1039" hits="1"/>
						<line number="1041" hits="1"/>
						<line number="1043" hits="1"/>
						<line number="1050" hits="0"/>
						<line number="1051" hits="0"/>
						<line number="1053" hits="0"/>
						<line number="1054" hits="0"/>
						<line number="1056" hits="0"/>
						<line number="1058" hits="1"/>
						<line number="1073" hits="1"/>
						<line number="1074" hits="0"/>
						<line number="1076" hits="1"/>
						<line number="1078" hits="1"/>
						<line number="1079" hits="1"/>
						<line number="1080" hits="0"/>
						<line number="1081" hits="1"/>
						<line number="1083" hits="1"/>
						<line number="1092" hits="0"/>
						<line number="1093" hits="0"/>
						<line number="1094" hits="0"/>
						<line number="1095" hits="0"/>
						<line number="1096" hits="0"/>
						<line number="1098" hits="0"/>
						<line number="1100" hits="1"/>
						<line number="1107" hits="0"/>
						<line number="1108" hits="0"/>
						<line number="1109" hits="0"/>
						<line number="1110" hits="0"/>
						<line number="1113" hits="1"/>
						<line number="1237" hits="1"/>
						<line number="1251" hits="1"/>
						<line number="1253" hits="1"/>
						<line number="1254" hits="1"/>
						<line number="1273" hits="1"/>
						<line number="1274" hits="0"/>
						<line number="1277" hits="1"/>
						<line number="1278" hits="1"/>
						<line number="1279" hits="1"/>
						<line number="1280" hits="1"/>
						<line number="1283" hits="1"/>
						<line number="1284" hits="1"/>
						<line number="1285" hits="1"/>
						<line number="1286" hits="1"/>
						<line number="1287" hits="1"/>
						<line number="1288" hits="1"/>
						<line number="1291" hits="1"/>
						<line number="1292" hits="1"/>
						<line number="1295" hits="1"/>
						<line number="1296" hits="1"/>
						<line number="1298" hits="1"/>
						<line number="1299" hits="1"/>
						<line number="1300" hits="1"/>
						<line number="1302" hits="1"/>
						<line number="1305" hits="1"/>
						<line number="1306" hits="1"/>
						<line number="1307" hits="1"/>
						<line number="1308" hits="1"/>
						<line number="1310" hits="1"/>
						<line number="1311" hits="1"/>
						<line number="1313" hits="1"/>
						<line number="1314" hits="1"/>
						<line number="1315" hits="1"/>
						<line number="1317" hits="1"/>
						<line number="1318" hits="1"/>
						<line number="1320" hits="1"/>
						<line number="1322" hits="1"/>
						<line number="1323" hits="0"/>
						<line number="1325" hits="1"/>
						<line number="1334" hits="1"/>
						<line number="1335" hits="1"/>
						<line number="1344" hits="0"/>
						<line number="1346" hits="1"/>
						<line number="1347" hits="1"/>
						<line number="1362" hits="1"/>
						<line number="1363" hits="0"/>
						<line number="1365" hits="1"/>
						<line number="1366" hits="0"/>
						<line number="1368" hits="1"/>
						<line number="1369" hits="0"/>
						<line number="1371" hits="1"/>
						<line number="1372" hits="0"/>
						<line number="1374" hits="1"/>
						<line number="1376" hits="1"/>
						<line number="1385" hits="1"/>
						<line number="1387" hits="1"/>
						<line number="1388" hits="1"/>
						<line number="1412" hits="1"/>
						<line number="1414" hits="1"/>
						<line number="1416" hits="1"/>
						<line number="1417" hits="1"/>
						<line number="1418" hits="1"/>
						<line number="1420" hits="1"/>
						<line number="1423" hits="0"/>
						<line number="1425" hits="1"/>
						<line number="1428" hits="1"/>
						<line number="1429" hits="1"/>
						<line number="1430" hits="1"/>
						<line number="1431" hits="1"/>
						<line number="1432" hits="1"/>
						<line number="1434" hits="1"/>
						<line number="1437" hits="1"/>
						<line number="1438" hits="1"/>
						<line number="1439" hits="1"/>
						<line number="1440" hits="1"/>
						<line number="1441" hits="1"/>
						<line number="1442" hits="1"/>
						<line number="1444" hits="1"/>
						<line number="1445" hits="1"/>
						<line number="1462" hits="1"/>
						<line number="1466" hits="1"/>
						<line number="1468" hits="1"/>
						<line number="1469" hits="1"/>
						<line number="1471" hits="1"/>
						<line number="1473" hits="1"/>
						<line number="1474" hits="0"/>
						<line number="1476" hits="1"/>
						<line number="1477" hits="1"/>
						<line number="1478" hits="1"/>
						<line number="1479" hits="1"/>
						<line number="1481" hits="1"/>
						<line number="1482" hits="1"/>
						<line number="1484" hits="1"/>
						<line number="1485" hits="1"/>
						<line number="1488" hits="1"/>
						<line number="1495" hits="1"/>
						<line number="1496" hits="1"/>
						<line number="1505" hits="1"/>
						<line number="1506" hits="1"/>
						<line number="1508" hits="1"/>
						<line number="1510" hits="1"/>
						<line number="1511" hits="1"/>
						<line number="1512" hits="1"/>
						<line number="1514" hits="1"/>
						<line number="1518" hits="1"/>
						<line number="1520" hits="1"/>
						<line number="1521" hits="1"/>
						<line number="1522" hits="1"/>
						<line number="1524" hits="1"/>
						<line number="1526" hits="1"/>
						<line number="1528" hits="1"/>
						<line number="1529" hits="1"/>
						<line number="1530" hits="1"/>
						<line number="1532" hits="1"/>
						<line number="1533" hits="1"/>
						<line number="1534" hits="1"/>
						<line number="1536" hits="1"/>
						<line number="1537" hits="1"/>
						<line number="1538" hits="1"/>
						<line number="1539" hits="1"/>
						<line number="1540" hits="1"/>
						<line number="1542" hits="1"/>
						<line number="1544" hits="1"/>
						<line number="1546" hits="1"/>
						<line number="1548" hits="1"/>
						<line number="1549" hits="1"/>
						<line number="1552" hits="1"/>
						<line number="1554" hits="1"/>
						<line number="1555" hits="1"/>
						<line number="1556" hits="1"/>
						<line number="1559" hits="1"/>
						<line number="1561" hits="1"/>
						<line number="1563" hits="1"/>
						<line number="1565" hits="1"/>
						<line number="1566" hits="1"/>
						<line number="1583" hits="0"/>
						<line number="1585" hits="0"/>
						<line number="1587" hits="0"/>
						<line number="1588" hits="0"/>
						<line number="1590" hits="0"/>
						<line number="1591" hits="0"/>
						<line number="1593" hits="0"/>
						<line number="1597" hits="0"/>
						<line number="1599" hits="0"/>
						<line number="1603" hits="0"/>
						<line number="1605" hits="0"/>
						<line number="1606" hits="0"/>
						<line number="1608" hits="0"/>
						<line number="1612" hits="0"/>
						<line number="1614" hits="0"/>
						<line number="1615" hits="0"/>
						<line number="1617" hits="0"/>
						<line number="1619" hits="0"/>
						<line number="1621" hits="1"/>
						<line number="1622" hits="1"/>
						<line number="1652" hits="1"/>
						<line number="1655" hits="1"/>
						<line number="1659" hits="1"/>
						<line number="1661" hits="1"/>
						<line number="1662" hits="1"/>
						<line number="1663" hits="1"/>
						<line number="1665" hits="1"/>
						<line number="1666" hits="0"/>
						<line number="1670" hits="1"/>
						<line number="1671" hits="0"/>
						<line number="1673" hits="1"/>
						<line number="1675" hits="1"/>
						<line number="1677" hits="1"/>
						<line number="1678" hits="1"/>
						<line number="1684" hits="0"/>
						<line number="1686" hits="0"/>
						<line number="1690" hits="1"/>
						<line number="1691" hits="1"/>
						<line number="1719" hits="0"/>
						<line number="1721" hits="0"/>
						<line number="1723" hits="0"/>
						<line number="1727" hits="1"/>
						<line number="1728" hits="1"/>
						<line number="1794" hits="1"/>
						<line number="1796" hits="1"/>
						<line number="1797" hits="0"/>
						<line number="1799" hits="1"/>
						<line number="1800" hits="0"/>
						<line number="1804" hits="1"/>
						<line number="1808" hits="1"/>
						<line number="1809" hits="1"/>
						<line number="1831" hits="1"/>
						<line number="1834" hits="1"/>
						<line number="1836" hits="1"/>
						<line number="1837" hits="1"/>
						<line number="1839" hits="1"/>
						<line number="1840" hits="1"/>
						<line number="1842" hits="1"/>
						<line number="1846" hits="1"/>
						<line number="1848" hits="1"/>
						<line number="1852" hits="1"/>
						<line number="1854" hits="1"/>
						<line number="1855" hits="1"/>
						<line number="1857" hits="1"/>
						<line number="1861" hits="1"/>
						<line number="1863" hits="1"/>
						<line number="1864" hits="1"/>
						<line number="1866" hits="1"/>
						<line number="1868" hits="1"/>
						<line number="1871" hits="1"/>
						<line number="1896" hits="1"/>
						<line number="1898" hits="1"/>
						<line number="1900" hits="1"/>
						<line number="1902" hits="1"/>
						<line number="1904" hits="1"/>
						<line number="1906" hits="1"/>
						<line number="1907" hits="1"/>
						<line number="1918" hits="0"/>
						<line number="1921" hits="0"/>
						<line number="1922" hits="0"/>
						<line number="1925" hits="0"/>
						<line number="1926" hits="0"/>
						<line number="1929" hits="0"/>
						<line number="1930" hits="0"/>
						<line number="1933" hits="0"/>
						<line number="1934" hits="0"/>
						<line number="1936" hits="0"/>
						<line number="1939" hits="1"/>
					</lines>
				</class>
				<class name="main.py" filename="src/pysequitur/main.py" complexity="0" line-rate="0" branch-rate="0">
					<methods/>
					<lines>
						<line number="1" hits="0"/>
						<line number="2" hits="0"/>
						<line number="5" hits="0"/>
						<line number="7" hits="0"/>
						<line number="10" hits="0"/>
						<line number="13" hits="0"/>
						<line number="15" hits="0"/>
						<line number="17" hits="0"/>
						<line number="18" hits="0"/>
					</lines>
				</class>
				<class name="shot_extractor.py" filename="src/pysequitur/shot_extractor.py" complexity="0" line-rate="0" branch-rate="0">
					<methods/>
					<lines>
						<line number="1" hits="0"/>
						<line number="6" hits="0"/>
						<line number="17" hits="0"/>
						<line number="20" hits="0"/>
						<line number="26" hits="0"/>
						<line number="27" hits="0"/>
						<line number="28" hits="0"/>
						<line number="29" hits="0"/>
						<line number="31" hits="0"/>
						<line number="34" hits="0"/>
						<line number="35" hits="0"/>
						<line number="37" hits="0"/>
						<line number="40" hits="0"/>
						<line number="43" hits="0"/>
						<line number="54" hits="0"/>
						<line number="55" hits="0"/>
						<line number="58" hits="0"/>
						<line number="59" hits="0"/>
						<line number="62" hits="0"/>
						<line number="63" hits="0"/>
						<line number="64" hits="0"/>
						<line number="65" hits="0"/>
						<line number="66" hits="0"/>
						<line number="67" hits="0"/>
						<line number="68" hits="0"/>
						<line number="69" hits="0"/>
						<line number="72" hits="0"/>
						<line number="74" hits="0"/>
						<line number="75" hits="0"/>
						<line number="76" hits="0"/>
						<line number="77" hits="0"/>
						<line number="80" hits="0"/>
						<line number="81" hits="0"/>
						<line number="82" hits="0"/>
						<line number="83" hits="0"/>
						<line number="84" hits="0"/>
						<line number="85" hits="0"/>
						<line number="88" hits="0"/>
						<line number="89" hits="0"/>
						<line number="91" hits="0"/>
						<line number="93" hits="0"/>
						<line number="96" hits="0"/>
						<line number="107" hits="0"/>
						<line number="108" hits="0"/>
						<line number="111" hits="0"/>
						<line number="113" hits="0"/>
						<line number="114" hits="0"/>
						<line number="117" hits="0"/>
						<line number="118" hits="0"/>
						<line number="119" hits="0"/>
						<line number="120" hits="0"/>
						<line number="122" hits="0"/>
						<line number="123" hits="0"/>
						<line number="124" hits="0"/>
						<line number="126" hits="0"/>
						<line number="129" hits="0"/>
						<line number="132" hits="0"/>
						<line number="134" hits="0"/>
						<line number="138" hits="0"/>
						<line number="140" hits="0"/>
						<line number="147" hits="0"/>
						<line number="148" hits="0"/>
						<line number="149" hits="0"/>
						<line number="150" hits="0"/>
						<line number="151" hits="0"/>
						<line number="153" hits="0"/>
						<line number="154" hits="0"/>
						<line number="155" hits="0"/>
						<line number="156" hits="0"/>
						<line number="159" hits="0"/>
						<line number="164" hits="0"/>
						<line number="165" hits="0"/>
						<line number="166" hits="0"/>
						<line number="167" hits="0"/>
					</lines>
				</class>
			</classes>
		</package>
	</packages>
</coverage>
