<?xml version="1.0" ?>
<coverage version="7.6.4" timestamp="1740506424853" lines-valid="743" lines-covered="0" line-rate="0" branches-covered="0" branches-valid="0" branch-rate="0" complexity="0">
	<!-- Generated by coverage.py: https://coverage.readthedocs.io/en/7.6.4 -->
	<!-- Based on https://raw.githubusercontent.com/cobertura/web/master/htdocs/xml/coverage-04.dtd -->
	<sources>
		<source>/Users/alex/src/devl/python/pysequitur/src/pysequitur</source>
	</sources>
	<packages>
		<package name="." line-rate="0" branch-rate="0" complexity="0">
			<classes>
				<class name="__init__.py" filename="__init__.py" complexity="0" line-rate="0" branch-rate="0">
					<methods/>
					<lines>
						<line number="18" hits="0"/>
						<line number="21" hits="0"/>
						<line number="22" hits="0"/>
						<line number="27" hits="0"/>
						<line number="28" hits="0"/>
						<line number="29" hits="0"/>
						<line number="31" hits="0"/>
					</lines>
				</class>
				<class name="crawl.py" filename="crawl.py" complexity="0" line-rate="0" branch-rate="0">
					<methods/>
					<lines>
						<line number="1" hits="0"/>
						<line number="2" hits="0"/>
						<line number="5" hits="0"/>
						<line number="7" hits="0"/>
						<line number="45" hits="0"/>
						<line number="57" hits="0"/>
						<line number="58" hits="0"/>
						<line number="65" hits="0"/>
						<line number="68" hits="0"/>
						<line number="69" hits="0"/>
						<line number="70" hits="0"/>
						<line number="73" hits="0"/>
						<line number="74" hits="0"/>
						<line number="75" hits="0"/>
						<line number="77" hits="0"/>
						<line number="78" hits="0"/>
						<line number="79" hits="0"/>
						<line number="80" hits="0"/>
						<line number="81" hits="0"/>
						<line number="82" hits="0"/>
						<line number="83" hits="0"/>
						<line number="84" hits="0"/>
						<line number="85" hits="0"/>
						<line number="86" hits="0"/>
						<line number="87" hits="0"/>
						<line number="88" hits="0"/>
						<line number="91" hits="0"/>
						<line number="92" hits="0"/>
						<line number="95" hits="0"/>
						<line number="96" hits="0"/>
						<line number="98" hits="0"/>
						<line number="99" hits="0"/>
						<line number="102" hits="0"/>
						<line number="103" hits="0"/>
						<line number="108" hits="0"/>
						<line number="111" hits="0"/>
						<line number="113" hits="0"/>
						<line number="114" hits="0"/>
						<line number="115" hits="0"/>
						<line number="117" hits="0"/>
						<line number="119" hits="0"/>
						<line number="120" hits="0"/>
						<line number="122" hits="0"/>
						<line number="123" hits="0"/>
					</lines>
				</class>
				<class name="file_sequence.py" filename="file_sequence.py" complexity="0" line-rate="0" branch-rate="0">
					<methods/>
					<lines>
						<line number="4" hits="0"/>
						<line number="6" hits="0"/>
						<line number="7" hits="0"/>
						<line number="8" hits="0"/>
						<line number="9" hits="0"/>
						<line number="10" hits="0"/>
						<line number="11" hits="0"/>
						<line number="12" hits="0"/>
						<line number="13" hits="0"/>
						<line number="14" hits="0"/>
						<line number="15" hits="0"/>
						<line number="17" hits="0"/>
						<line number="22" hits="0"/>
						<line number="25" hits="0"/>
						<line number="26" hits="0"/>
						<line number="27" hits="0"/>
						<line number="28" hits="0"/>
						<line number="31" hits="0"/>
						<line number="32" hits="0"/>
						<line number="53" hits="0"/>
						<line number="54" hits="0"/>
						<line number="55" hits="0"/>
						<line number="56" hits="0"/>
						<line number="57" hits="0"/>
						<line number="58" hits="0"/>
						<line number="60" hits="0"/>
						<line number="61" hits="0"/>
						<line number="71" hits="0"/>
						<line number="72" hits="0"/>
						<line number="73" hits="0"/>
						<line number="74" hits="0"/>
						<line number="75" hits="0"/>
						<line number="76" hits="0"/>
						<line number="77" hits="0"/>
						<line number="78" hits="0"/>
						<line number="80" hits="0"/>
						<line number="81" hits="0"/>
						<line number="82" hits="0"/>
						<line number="84" hits="0"/>
						<line number="85" hits="0"/>
						<line number="96" hits="0"/>
						<line number="97" hits="0"/>
						<line number="99" hits="0"/>
						<line number="101" hits="0"/>
						<line number="102" hits="0"/>
						<line number="105" hits="0"/>
						<line number="107" hits="0"/>
						<line number="108" hits="0"/>
						<line number="111" hits="0"/>
						<line number="113" hits="0"/>
						<line number="114" hits="0"/>
						<line number="115" hits="0"/>
						<line number="117" hits="0"/>
						<line number="118" hits="0"/>
						<line number="120" hits="0"/>
						<line number="121" hits="0"/>
						<line number="122" hits="0"/>
						<line number="124" hits="0"/>
						<line number="126" hits="0"/>
						<line number="127" hits="0"/>
						<line number="130" hits="0"/>
						<line number="131" hits="0"/>
						<line number="133" hits="0"/>
						<line number="135" hits="0"/>
						<line number="136" hits="0"/>
						<line number="138" hits="0"/>
						<line number="140" hits="0"/>
						<line number="141" hits="0"/>
						<line number="148" hits="0"/>
						<line number="150" hits="0"/>
						<line number="152" hits="0"/>
						<line number="153" hits="0"/>
						<line number="155" hits="0"/>
						<line number="157" hits="0"/>
						<line number="158" hits="0"/>
						<line number="160" hits="0"/>
						<line number="162" hits="0"/>
						<line number="176" hits="0"/>
						<line number="177" hits="0"/>
						<line number="179" hits="0"/>
						<line number="180" hits="0"/>
						<line number="182" hits="0"/>
						<line number="183" hits="0"/>
						<line number="185" hits="0"/>
						<line number="187" hits="0"/>
						<line number="189" hits="0"/>
						<line number="191" hits="0"/>
						<line number="199" hits="0"/>
						<line number="201" hits="0"/>
						<line number="202" hits="0"/>
						<line number="206" hits="0"/>
						<line number="207" hits="0"/>
						<line number="208" hits="0"/>
						<line number="209" hits="0"/>
						<line number="212" hits="0"/>
						<line number="214" hits="0"/>
						<line number="216" hits="0"/>
						<line number="226" hits="0"/>
						<line number="227" hits="0"/>
						<line number="229" hits="0"/>
						<line number="242" hits="0"/>
						<line number="244" hits="0"/>
						<line number="246" hits="0"/>
						<line number="247" hits="0"/>
						<line number="249" hits="0"/>
						<line number="250" hits="0"/>
						<line number="252" hits="0"/>
						<line number="255" hits="0"/>
						<line number="256" hits="0"/>
						<line number="257" hits="0"/>
						<line number="258" hits="0"/>
						<line number="259" hits="0"/>
						<line number="260" hits="0"/>
						<line number="262" hits="0"/>
						<line number="263" hits="0"/>
						<line number="265" hits="0"/>
						<line number="267" hits="0"/>
						<line number="269" hits="0"/>
						<line number="282" hits="0"/>
						<line number="283" hits="0"/>
						<line number="287" hits="0"/>
						<line number="289" hits="0"/>
						<line number="290" hits="0"/>
						<line number="291" hits="0"/>
						<line number="293" hits="0"/>
						<line number="294" hits="0"/>
						<line number="296" hits="0"/>
						<line number="297" hits="0"/>
						<line number="299" hits="0"/>
						<line number="300" hits="0"/>
						<line number="302" hits="0"/>
						<line number="303" hits="0"/>
						<line number="305" hits="0"/>
						<line number="306" hits="0"/>
						<line number="308" hits="0"/>
						<line number="310" hits="0"/>
						<line number="325" hits="0"/>
						<line number="327" hits="0"/>
						<line number="328" hits="0"/>
						<line number="330" hits="0"/>
						<line number="331" hits="0"/>
						<line number="333" hits="0"/>
						<line number="335" hits="0"/>
						<line number="336" hits="0"/>
						<line number="338" hits="0"/>
						<line number="339" hits="0"/>
						<line number="341" hits="0"/>
						<line number="343" hits="0"/>
						<line number="344" hits="0"/>
						<line number="346" hits="0"/>
						<line number="347" hits="0"/>
						<line number="349" hits="0"/>
						<line number="350" hits="0"/>
						<line number="353" hits="0"/>
						<line number="355" hits="0"/>
						<line number="357" hits="0"/>
						<line number="375" hits="0"/>
						<line number="376" hits="0"/>
						<line number="378" hits="0"/>
						<line number="379" hits="0"/>
						<line number="381" hits="0"/>
						<line number="382" hits="0"/>
						<line number="384" hits="0"/>
						<line number="386" hits="0"/>
						<line number="390" hits="0"/>
						<line number="391" hits="0"/>
						<line number="394" hits="0"/>
						<line number="398" hits="0"/>
						<line number="400" hits="0"/>
						<line number="403" hits="0"/>
						<line number="405" hits="0"/>
						<line number="406" hits="0"/>
						<line number="408" hits="0"/>
						<line number="410" hits="0"/>
						<line number="412" hits="0"/>
						<line number="413" hits="0"/>
						<line number="421" hits="0"/>
						<line number="423" hits="0"/>
						<line number="424" hits="0"/>
						<line number="427" hits="0"/>
						<line number="429" hits="0"/>
						<line number="433" hits="0"/>
						<line number="434" hits="0"/>
						<line number="436" hits="0"/>
						<line number="437" hits="0"/>
						<line number="439" hits="0"/>
						<line number="442" hits="0"/>
						<line number="443" hits="0"/>
						<line number="471" hits="0"/>
						<line number="473" hits="0"/>
						<line number="482" hits="0"/>
						<line number="484" hits="0"/>
						<line number="486" hits="0"/>
						<line number="487" hits="0"/>
						<line number="507" hits="0"/>
						<line number="508" hits="0"/>
						<line number="510" hits="0"/>
						<line number="511" hits="0"/>
						<line number="512" hits="0"/>
						<line number="514" hits="0"/>
						<line number="518" hits="0"/>
						<line number="519" hits="0"/>
						<line number="531" hits="0"/>
						<line number="533" hits="0"/>
						<line number="534" hits="0"/>
						<line number="565" hits="0"/>
						<line number="569" hits="0"/>
						<line number="570" hits="0"/>
						<line number="596" hits="0"/>
						<line number="600" hits="0"/>
						<line number="601" hits="0"/>
						<line number="632" hits="0"/>
						<line number="636" hits="0"/>
						<line number="637" hits="0"/>
						<line number="640" hits="0"/>
						<line number="642" hits="0"/>
						<line number="643" hits="0"/>
						<line number="670" hits="0"/>
						<line number="674" hits="0"/>
						<line number="675" hits="0"/>
						<line number="678" hits="0"/>
						<line number="680" hits="0"/>
						<line number="681" hits="0"/>
						<line number="683" hits="0"/>
						<line number="685" hits="0"/>
						<line number="686" hits="0"/>
						<line number="688" hits="0"/>
						<line number="690" hits="0"/>
						<line number="691" hits="0"/>
						<line number="695" hits="0"/>
						<line number="697" hits="0"/>
						<line number="698" hits="0"/>
						<line number="701" hits="0"/>
						<line number="703" hits="0"/>
						<line number="704" hits="0"/>
						<line number="707" hits="0"/>
						<line number="709" hits="0"/>
						<line number="710" hits="0"/>
						<line number="713" hits="0"/>
						<line number="715" hits="0"/>
						<line number="716" hits="0"/>
						<line number="720" hits="0"/>
						<line number="722" hits="0"/>
						<line number="723" hits="0"/>
						<line number="725" hits="0"/>
						<line number="727" hits="0"/>
						<line number="728" hits="0"/>
						<line number="735" hits="0"/>
						<line number="737" hits="0"/>
						<line number="738" hits="0"/>
						<line number="747" hits="0"/>
						<line number="752" hits="0"/>
						<line number="753" hits="0"/>
						<line number="755" hits="0"/>
						<line number="757" hits="0"/>
						<line number="758" hits="0"/>
						<line number="760" hits="0"/>
						<line number="762" hits="0"/>
						<line number="763" hits="0"/>
						<line number="770" hits="0"/>
						<line number="771" hits="0"/>
						<line number="772" hits="0"/>
						<line number="774" hits="0"/>
						<line number="776" hits="0"/>
						<line number="777" hits="0"/>
						<line number="782" hits="0"/>
						<line number="783" hits="0"/>
						<line number="785" hits="0"/>
						<line number="786" hits="0"/>
						<line number="788" hits="0"/>
						<line number="790" hits="0"/>
						<line number="791" hits="0"/>
						<line number="793" hits="0"/>
						<line number="795" hits="0"/>
						<line number="796" hits="0"/>
						<line number="797" hits="0"/>
						<line number="798" hits="0"/>
						<line number="800" hits="0"/>
						<line number="802" hits="0"/>
						<line number="803" hits="0"/>
						<line number="808" hits="0"/>
						<line number="810" hits="0"/>
						<line number="811" hits="0"/>
						<line number="813" hits="0"/>
						<line number="815" hits="0"/>
						<line number="822" hits="0"/>
						<line number="823" hits="0"/>
						<line number="827" hits="0"/>
						<line number="829" hits="0"/>
						<line number="831" hits="0"/>
						<line number="832" hits="0"/>
						<line number="833" hits="0"/>
						<line number="835" hits="0"/>
						<line number="836" hits="0"/>
						<line number="838" hits="0"/>
						<line number="839" hits="0"/>
						<line number="841" hits="0"/>
						<line number="843" hits="0"/>
						<line number="857" hits="0"/>
						<line number="859" hits="0"/>
						<line number="866" hits="0"/>
						<line number="867" hits="0"/>
						<line number="869" hits="0"/>
						<line number="871" hits="0"/>
						<line number="872" hits="0"/>
						<line number="873" hits="0"/>
						<line number="875" hits="0"/>
						<line number="876" hits="0"/>
						<line number="880" hits="0"/>
						<line number="881" hits="0"/>
						<line number="883" hits="0"/>
						<line number="885" hits="0"/>
						<line number="901" hits="0"/>
						<line number="903" hits="0"/>
						<line number="906" hits="0"/>
						<line number="907" hits="0"/>
						<line number="909" hits="0"/>
						<line number="911" hits="0"/>
						<line number="926" hits="0"/>
						<line number="928" hits="0"/>
						<line number="929" hits="0"/>
						<line number="931" hits="0"/>
						<line number="932" hits="0"/>
						<line number="934" hits="0"/>
						<line number="935" hits="0"/>
						<line number="936" hits="0"/>
						<line number="937" hits="0"/>
						<line number="939" hits="0"/>
						<line number="941" hits="0"/>
						<line number="943" hits="0"/>
						<line number="945" hits="0"/>
						<line number="947" hits="0"/>
						<line number="965" hits="0"/>
						<line number="966" hits="0"/>
						<line number="968" hits="0"/>
						<line number="969" hits="0"/>
						<line number="971" hits="0"/>
						<line number="972" hits="0"/>
						<line number="974" hits="0"/>
						<line number="976" hits="0"/>
						<line number="979" hits="0"/>
						<line number="981" hits="0"/>
						<line number="982" hits="0"/>
						<line number="984" hits="0"/>
						<line number="986" hits="0"/>
						<line number="988" hits="0"/>
						<line number="997" hits="0"/>
						<line number="999" hits="0"/>
						<line number="1000" hits="0"/>
						<line number="1002" hits="0"/>
						<line number="1004" hits="0"/>
						<line number="1021" hits="0"/>
						<line number="1022" hits="0"/>
						<line number="1023" hits="0"/>
						<line number="1026" hits="0"/>
						<line number="1031" hits="0"/>
						<line number="1032" hits="0"/>
						<line number="1034" hits="0"/>
						<line number="1037" hits="0"/>
						<line number="1045" hits="0"/>
						<line number="1047" hits="0"/>
						<line number="1049" hits="0"/>
						<line number="1056" hits="0"/>
						<line number="1057" hits="0"/>
						<line number="1059" hits="0"/>
						<line number="1060" hits="0"/>
						<line number="1062" hits="0"/>
						<line number="1064" hits="0"/>
						<line number="1079" hits="0"/>
						<line number="1080" hits="0"/>
						<line number="1082" hits="0"/>
						<line number="1084" hits="0"/>
						<line number="1085" hits="0"/>
						<line number="1086" hits="0"/>
						<line number="1087" hits="0"/>
						<line number="1089" hits="0"/>
						<line number="1098" hits="0"/>
						<line number="1099" hits="0"/>
						<line number="1100" hits="0"/>
						<line number="1101" hits="0"/>
						<line number="1102" hits="0"/>
						<line number="1104" hits="0"/>
						<line number="1106" hits="0"/>
						<line number="1113" hits="0"/>
						<line number="1114" hits="0"/>
						<line number="1115" hits="0"/>
						<line number="1116" hits="0"/>
						<line number="1119" hits="0"/>
						<line number="1243" hits="0"/>
						<line number="1257" hits="0"/>
						<line number="1259" hits="0"/>
						<line number="1260" hits="0"/>
						<line number="1279" hits="0"/>
						<line number="1280" hits="0"/>
						<line number="1283" hits="0"/>
						<line number="1284" hits="0"/>
						<line number="1285" hits="0"/>
						<line number="1286" hits="0"/>
						<line number="1289" hits="0"/>
						<line number="1290" hits="0"/>
						<line number="1291" hits="0"/>
						<line number="1292" hits="0"/>
						<line number="1293" hits="0"/>
						<line number="1294" hits="0"/>
						<line number="1297" hits="0"/>
						<line number="1298" hits="0"/>
						<line number="1301" hits="0"/>
						<line number="1302" hits="0"/>
						<line number="1304" hits="0"/>
						<line number="1305" hits="0"/>
						<line number="1306" hits="0"/>
						<line number="1308" hits="0"/>
						<line number="1311" hits="0"/>
						<line number="1312" hits="0"/>
						<line number="1313" hits="0"/>
						<line number="1314" hits="0"/>
						<line number="1316" hits="0"/>
						<line number="1317" hits="0"/>
						<line number="1319" hits="0"/>
						<line number="1320" hits="0"/>
						<line number="1321" hits="0"/>
						<line number="1323" hits="0"/>
						<line number="1324" hits="0"/>
						<line number="1326" hits="0"/>
						<line number="1328" hits="0"/>
						<line number="1329" hits="0"/>
						<line number="1331" hits="0"/>
						<line number="1340" hits="0"/>
						<line number="1341" hits="0"/>
						<line number="1350" hits="0"/>
						<line number="1352" hits="0"/>
						<line number="1353" hits="0"/>
						<line number="1368" hits="0"/>
						<line number="1369" hits="0"/>
						<line number="1371" hits="0"/>
						<line number="1372" hits="0"/>
						<line number="1374" hits="0"/>
						<line number="1375" hits="0"/>
						<line number="1377" hits="0"/>
						<line number="1378" hits="0"/>
						<line number="1380" hits="0"/>
						<line number="1382" hits="0"/>
						<line number="1391" hits="0"/>
						<line number="1393" hits="0"/>
						<line number="1394" hits="0"/>
						<line number="1418" hits="0"/>
						<line number="1420" hits="0"/>
						<line number="1422" hits="0"/>
						<line number="1423" hits="0"/>
						<line number="1424" hits="0"/>
						<line number="1426" hits="0"/>
						<line number="1429" hits="0"/>
						<line number="1431" hits="0"/>
						<line number="1434" hits="0"/>
						<line number="1435" hits="0"/>
						<line number="1436" hits="0"/>
						<line number="1437" hits="0"/>
						<line number="1438" hits="0"/>
						<line number="1440" hits="0"/>
						<line number="1443" hits="0"/>
						<line number="1444" hits="0"/>
						<line number="1445" hits="0"/>
						<line number="1446" hits="0"/>
						<line number="1447" hits="0"/>
						<line number="1448" hits="0"/>
						<line number="1450" hits="0"/>
						<line number="1451" hits="0"/>
						<line number="1468" hits="0"/>
						<line number="1472" hits="0"/>
						<line number="1474" hits="0"/>
						<line number="1475" hits="0"/>
						<line number="1477" hits="0"/>
						<line number="1479" hits="0"/>
						<line number="1480" hits="0"/>
						<line number="1482" hits="0"/>
						<line number="1483" hits="0"/>
						<line number="1484" hits="0"/>
						<line number="1485" hits="0"/>
						<line number="1487" hits="0"/>
						<line number="1488" hits="0"/>
						<line number="1490" hits="0"/>
						<line number="1491" hits="0"/>
						<line number="1494" hits="0"/>
						<line number="1501" hits="0"/>
						<line number="1502" hits="0"/>
						<line number="1511" hits="0"/>
						<line number="1512" hits="0"/>
						<line number="1514" hits="0"/>
						<line number="1516" hits="0"/>
						<line number="1517" hits="0"/>
						<line number="1518" hits="0"/>
						<line number="1520" hits="0"/>
						<line number="1524" hits="0"/>
						<line number="1526" hits="0"/>
						<line number="1527" hits="0"/>
						<line number="1528" hits="0"/>
						<line number="1530" hits="0"/>
						<line number="1532" hits="0"/>
						<line number="1534" hits="0"/>
						<line number="1535" hits="0"/>
						<line number="1536" hits="0"/>
						<line number="1538" hits="0"/>
						<line number="1539" hits="0"/>
						<line number="1540" hits="0"/>
						<line number="1542" hits="0"/>
						<line number="1543" hits="0"/>
						<line number="1544" hits="0"/>
						<line number="1545" hits="0"/>
						<line number="1546" hits="0"/>
						<line number="1548" hits="0"/>
						<line number="1550" hits="0"/>
						<line number="1552" hits="0"/>
						<line number="1554" hits="0"/>
						<line number="1555" hits="0"/>
						<line number="1558" hits="0"/>
						<line number="1560" hits="0"/>
						<line number="1561" hits="0"/>
						<line number="1562" hits="0"/>
						<line number="1565" hits="0"/>
						<line number="1567" hits="0"/>
						<line number="1569" hits="0"/>
						<line number="1571" hits="0"/>
						<line number="1572" hits="0"/>
						<line number="1589" hits="0"/>
						<line number="1591" hits="0"/>
						<line number="1593" hits="0"/>
						<line number="1594" hits="0"/>
						<line number="1596" hits="0"/>
						<line number="1597" hits="0"/>
						<line number="1599" hits="0"/>
						<line number="1603" hits="0"/>
						<line number="1605" hits="0"/>
						<line number="1609" hits="0"/>
						<line number="1611" hits="0"/>
						<line number="1612" hits="0"/>
						<line number="1614" hits="0"/>
						<line number="1618" hits="0"/>
						<line number="1620" hits="0"/>
						<line number="1621" hits="0"/>
						<line number="1623" hits="0"/>
						<line number="1625" hits="0"/>
						<line number="1627" hits="0"/>
						<line number="1628" hits="0"/>
						<line number="1658" hits="0"/>
						<line number="1661" hits="0"/>
						<line number="1665" hits="0"/>
						<line number="1667" hits="0"/>
						<line number="1668" hits="0"/>
						<line number="1669" hits="0"/>
						<line number="1671" hits="0"/>
						<line number="1672" hits="0"/>
						<line number="1676" hits="0"/>
						<line number="1677" hits="0"/>
						<line number="1679" hits="0"/>
						<line number="1681" hits="0"/>
						<line number="1683" hits="0"/>
						<line number="1684" hits="0"/>
						<line number="1690" hits="0"/>
						<line number="1692" hits="0"/>
						<line number="1696" hits="0"/>
						<line number="1697" hits="0"/>
						<line number="1725" hits="0"/>
						<line number="1727" hits="0"/>
						<line number="1729" hits="0"/>
						<line number="1733" hits="0"/>
						<line number="1734" hits="0"/>
						<line number="1800" hits="0"/>
						<line number="1802" hits="0"/>
						<line number="1803" hits="0"/>
						<line number="1805" hits="0"/>
						<line number="1806" hits="0"/>
						<line number="1810" hits="0"/>
						<line number="1814" hits="0"/>
						<line number="1815" hits="0"/>
						<line number="1837" hits="0"/>
						<line number="1840" hits="0"/>
						<line number="1842" hits="0"/>
						<line number="1843" hits="0"/>
						<line number="1845" hits="0"/>
						<line number="1846" hits="0"/>
						<line number="1848" hits="0"/>
						<line number="1852" hits="0"/>
						<line number="1854" hits="0"/>
						<line number="1858" hits="0"/>
						<line number="1860" hits="0"/>
						<line number="1861" hits="0"/>
						<line number="1863" hits="0"/>
						<line number="1867" hits="0"/>
						<line number="1869" hits="0"/>
						<line number="1870" hits="0"/>
						<line number="1872" hits="0"/>
						<line number="1874" hits="0"/>
						<line number="1877" hits="0"/>
						<line number="1902" hits="0"/>
						<line number="1904" hits="0"/>
						<line number="1906" hits="0"/>
						<line number="1908" hits="0"/>
						<line number="1910" hits="0"/>
						<line number="1912" hits="0"/>
						<line number="1913" hits="0"/>
						<line number="1924" hits="0"/>
						<line number="1927" hits="0"/>
						<line number="1928" hits="0"/>
						<line number="1931" hits="0"/>
						<line number="1932" hits="0"/>
						<line number="1935" hits="0"/>
						<line number="1936" hits="0"/>
						<line number="1939" hits="0"/>
						<line number="1940" hits="0"/>
						<line number="1942" hits="0"/>
						<line number="1945" hits="0"/>
					</lines>
				</class>
				<class name="main.py" filename="main.py" complexity="0" line-rate="0" branch-rate="0">
					<methods/>
					<lines>
						<line number="1" hits="0"/>
						<line number="2" hits="0"/>
						<line number="3" hits="0"/>
						<line number="6" hits="0"/>
						<line number="12" hits="0"/>
						<line number="14" hits="0"/>
						<line number="16" hits="0"/>
					</lines>
				</class>
				<class name="shot_extractor.py" filename="shot_extractor.py" complexity="0" line-rate="0" branch-rate="0">
					<methods/>
					<lines>
						<line number="1" hits="0"/>
						<line number="6" hits="0"/>
						<line number="17" hits="0"/>
						<line number="20" hits="0"/>
						<line number="26" hits="0"/>
						<line number="27" hits="0"/>
						<line number="28" hits="0"/>
						<line number="29" hits="0"/>
						<line number="31" hits="0"/>
						<line number="34" hits="0"/>
						<line number="35" hits="0"/>
						<line number="37" hits="0"/>
						<line number="40" hits="0"/>
						<line number="43" hits="0"/>
						<line number="54" hits="0"/>
						<line number="55" hits="0"/>
						<line number="58" hits="0"/>
						<line number="59" hits="0"/>
						<line number="62" hits="0"/>
						<line number="63" hits="0"/>
						<line number="64" hits="0"/>
						<line number="65" hits="0"/>
						<line number="66" hits="0"/>
						<line number="67" hits="0"/>
						<line number="68" hits="0"/>
						<line number="69" hits="0"/>
						<line number="72" hits="0"/>
						<line number="74" hits="0"/>
						<line number="75" hits="0"/>
						<line number="76" hits="0"/>
						<line number="77" hits="0"/>
						<line number="80" hits="0"/>
						<line number="81" hits="0"/>
						<line number="82" hits="0"/>
						<line number="83" hits="0"/>
						<line number="84" hits="0"/>
						<line number="85" hits="0"/>
						<line number="88" hits="0"/>
						<line number="89" hits="0"/>
						<line number="91" hits="0"/>
						<line number="93" hits="0"/>
						<line number="96" hits="0"/>
						<line number="107" hits="0"/>
						<line number="108" hits="0"/>
						<line number="111" hits="0"/>
						<line number="113" hits="0"/>
						<line number="114" hits="0"/>
						<line number="117" hits="0"/>
						<line number="118" hits="0"/>
						<line number="119" hits="0"/>
						<line number="120" hits="0"/>
						<line number="122" hits="0"/>
						<line number="123" hits="0"/>
						<line number="124" hits="0"/>
						<line number="126" hits="0"/>
						<line number="129" hits="0"/>
						<line number="132" hits="0"/>
						<line number="134" hits="0"/>
						<line number="138" hits="0"/>
						<line number="140" hits="0"/>
						<line number="147" hits="0"/>
						<line number="148" hits="0"/>
						<line number="149" hits="0"/>
						<line number="150" hits="0"/>
						<line number="151" hits="0"/>
						<line number="153" hits="0"/>
						<line number="154" hits="0"/>
						<line number="155" hits="0"/>
						<line number="156" hits="0"/>
						<line number="159" hits="0"/>
						<line number="164" hits="0"/>
						<line number="165" hits="0"/>
						<line number="166" hits="0"/>
						<line number="167" hits="0"/>
					</lines>
				</class>
			</classes>
		</package>
	</packages>
</coverage>
